# JRE version: Java(TM) SE Runtime Environment (8.0_40-b26) (build 1.8.0_40-b26)
# Java VM: Java HotSpot(TM) 64-Bit Server VM (25.40-b25 mixed mode windows-amd64 compressed oops)
Heap:
 PSYoungGen      total 274432K, used 30500K [0x00000000eab00000, 0x00000000ff600000, 0x0000000100000000)
  eden space 223232K, 3% used [0x00000000eab00000,0x00000000eb276568,0x00000000f8500000)
  from space 51200K, 44% used [0x00000000fc400000,0x00000000fda52be0,0x00000000ff600000)
  to   space 57856K, 0% used [0x00000000f8500000,0x00000000f8500000,0x00000000fbd80000)
 ParOldGen       total 223744K, used 64797K [0x00000000c0000000, 0x00000000cda80000, 0x00000000eab00000)
  object space 223744K, 28% used [0x00000000c0000000,0x00000000c3f477d0,0x00000000cda80000)
 Metaspace       used 67258K, capacity 69144K, committed 101288K, reserved 1134592K
  class space    used 8797K, capacity 9512K, committed 16296K, reserved 1048576K
GC Heap History (10 events):
Event: 457.022 GC heap before
{Heap before GC invocations=26 (full 6):
 PSYoungGen      total 267776K, used 51270K [0x00000000eab00000, 0x00000000ffe80000, 0x0000000100000000)
  eden space 210944K, 0% used [0x00000000eab00000,0x00000000eab00000,0x00000000f7900000)
  from space 56832K, 90% used [0x00000000fb800000,0x00000000fea119f8,0x00000000fef80000)
  to   space 64512K, 0% used [0x00000000f7900000,0x00000000f7900000,0x00000000fb800000)
 ParOldGen       total 131072K, used 100935K [0x00000000c0000000, 0x00000000c8000000, 0x00000000eab00000)
  object space 131072K, 77% used [0x00000000c0000000,0x00000000c6291d88,0x00000000c8000000)
 Metaspace       used 92763K, capacity 97770K, committed 97960K, reserved 1132544K
  class space    used 12812K, capacity 14717K, committed 14760K, reserved 1048576K
Event: 458.563 GC heap after
Heap after GC invocations=26 (full 6):
 PSYoungGen      total 267776K, used 0K [0x00000000eab00000, 0x00000000ffe80000, 0x0000000100000000)
  eden space 210944K, 0% used [0x00000000eab00000,0x00000000eab00000,0x00000000f7900000)
  from space 56832K, 0% used [0x00000000fb800000,0x00000000fb800000,0x00000000fef80000)
  to   space 64512K, 0% used [0x00000000f7900000,0x00000000f7900000,0x00000000fb800000)
 ParOldGen       total 131072K, used 130754K [0x00000000c0000000, 0x00000000c8000000, 0x00000000eab00000)
  object space 131072K, 99% used [0x00000000c0000000,0x00000000c7fb0978,0x00000000c8000000)
 Metaspace       used 92630K, capacity 97314K, committed 97960K, reserved 1132544K
  class space    used 12780K, capacity 14581K, committed 14760K, reserved 1048576K
}
Event: 2126.705 GC heap before
{Heap before GC invocations=27 (full 7):
 PSYoungGen      total 267776K, used 210944K [0x00000000eab00000, 0x00000000ffe80000, 0x0000000100000000)
  eden space 210944K, 100% used [0x00000000eab00000,0x00000000f7900000,0x00000000f7900000)
  from space 56832K, 0% used [0x00000000fb800000,0x00000000fb800000,0x00000000fef80000)
  to   space 64512K, 0% used [0x00000000f7900000,0x00000000f7900000,0x00000000fb800000)
 ParOldGen       total 131072K, used 130754K [0x00000000c0000000, 0x00000000c8000000, 0x00000000eab00000)
  object space 131072K, 99% used [0x00000000c0000000,0x00000000c7fb0978,0x00000000c8000000)
 Metaspace       used 100044K, capacity 105454K, committed 105512K, reserved 1138688K
  class space    used 13848K, capacity 15893K, committed 15912K, reserved 1048576K
Event: 2130.541 GC heap after
Heap after GC invocations=27 (full 7):
 PSYoungGen      total 267776K, used 21835K [0x00000000eab00000, 0x00000000ffe80000, 0x0000000100000000)
  eden space 210944K, 10% used [0x00000000eab00000,0x00000000ec052c68,0x00000000f7900000)
  from space 56832K, 0% used [0x00000000fb800000,0x00000000fb800000,0x00000000fef80000)
  to   space 64512K, 0% used [0x00000000f7900000,0x00000000f7900000,0x00000000fb800000)
 ParOldGen       total 223744K, used 130994K [0x00000000c0000000, 0x00000000cda80000, 0x00000000eab00000)
  object space 223744K, 58% used [0x00000000c0000000,0x00000000c7fecaf0,0x00000000cda80000)
 Metaspace       used 100044K, capacity 105454K, committed 105512K, reserved 1138688K
  class space    used 13848K, capacity 15893K, committed 15912K, reserved 1048576K
}
Event: 2132.973 GC heap before
{Heap before GC invocations=28 (full 7):
 PSYoungGen      total 267776K, used 73290K [0x00000000eab00000, 0x00000000ffe80000, 0x0000000100000000)
  eden space 210944K, 34% used [0x00000000eab00000,0x00000000ef292b58,0x00000000f7900000)
  from space 56832K, 0% used [0x00000000fb800000,0x00000000fb800000,0x00000000fef80000)
  to   space 64512K, 0% used [0x00000000f7900000,0x00000000f7900000,0x00000000fb800000)
 ParOldGen       total 223744K, used 130994K [0x00000000c0000000, 0x00000000cda80000, 0x00000000eab00000)
  object space 223744K, 58% used [0x00000000c0000000,0x00000000c7fecaf0,0x00000000cda80000)
 Metaspace       used 101787K, capacity 107298K, committed 107432K, reserved 1140736K
  class space    used 14141K, capacity 16234K, committed 16296K, reserved 1048576K
Event: 2133.165 GC heap after
Heap after GC invocations=28 (full 7):
 PSYoungGen      total 275456K, used 17401K [0x00000000eab00000, 0x0000000100000000, 0x0000000100000000)
  eden space 210944K, 0% used [0x00000000eab00000,0x00000000eab00000,0x00000000f7900000)
  from space 64512K, 26% used [0x00000000f7900000,0x00000000f89fe470,0x00000000fb800000)
  to   space 61440K, 0% used [0x00000000fc400000,0x00000000fc400000,0x0000000100000000)
 ParOldGen       total 223744K, used 131002K [0x00000000c0000000, 0x00000000cda80000, 0x00000000eab00000)
  object space 223744K, 58% used [0x00000000c0000000,0x00000000c7feeaf0,0x00000000cda80000)
 Metaspace       used 101787K, capacity 107298K, committed 107432K, reserved 1140736K
  class space    used 14141K, capacity 16234K, committed 16296K, reserved 1048576K
}
Event: 2133.165 GC heap before
{Heap before GC invocations=29 (full 8):
 PSYoungGen      total 275456K, used 17401K [0x00000000eab00000, 0x0000000100000000, 0x0000000100000000)
  eden space 210944K, 0% used [0x00000000eab00000,0x00000000eab00000,0x00000000f7900000)
  from space 64512K, 26% used [0x00000000f7900000,0x00000000f89fe470,0x00000000fb800000)
  to   space 61440K, 0% used [0x00000000fc400000,0x00000000fc400000,0x0000000100000000)
 ParOldGen       total 223744K, used 131002K [0x00000000c0000000, 0x00000000cda80000, 0x00000000eab00000)
  object space 223744K, 58% used [0x00000000c0000000,0x00000000c7feeaf0,0x00000000cda80000)
 Metaspace       used 101787K, capacity 107298K, committed 107432K, reserved 1140736K
  class space    used 14141K, capacity 16234K, committed 16296K, reserved 1048576K
Event: 2133.663 GC heap after
Heap after GC invocations=29 (full 8):
 PSYoungGen      total 275456K, used 0K [0x00000000eab00000, 0x0000000100000000, 0x0000000100000000)
  eden space 210944K, 0% used [0x00000000eab00000,0x00000000eab00000,0x00000000f7900000)
  from space 64512K, 0% used [0x00000000f7900000,0x00000000f7900000,0x00000000fb800000)
  to   space 61440K, 0% used [0x00000000fc400000,0x00000000fc400000,0x0000000100000000)
 ParOldGen       total 223744K, used 64789K [0x00000000c0000000, 0x00000000cda80000, 0x00000000eab00000)
  object space 223744K, 28% used [0x00000000c0000000,0x00000000c3f457d0,0x00000000cda80000)
 Metaspace       used 60578K, capacity 61780K, committed 101288K, reserved 1134592K
  class space    used 7821K, capacity 8268K, committed 16296K, reserved 1048576K
}
Event: 2403.643 GC heap before
{Heap before GC invocations=30 (full 8):
 PSYoungGen      total 275456K, used 210944K [0x00000000eab00000, 0x0000000100000000, 0x0000000100000000)
  eden space 210944K, 100% used [0x00000000eab00000,0x00000000f7900000,0x00000000f7900000)
  from space 64512K, 0% used [0x00000000f7900000,0x00000000f7900000,0x00000000fb800000)
  to   space 61440K, 0% used [0x00000000fc400000,0x00000000fc400000,0x0000000100000000)
 ParOldGen       total 223744K, used 64789K [0x00000000c0000000, 0x00000000cda80000, 0x00000000eab00000)
  object space 223744K, 28% used [0x00000000c0000000,0x00000000c3f457d0,0x00000000cda80000)
 Metaspace       used 67201K, capacity 69114K, committed 101288K, reserved 1134592K
  class space    used 8788K, capacity 9505K, committed 16296K, reserved 1048576K
Event: 2404.803 GC heap after
Heap after GC invocations=30 (full 8):
 PSYoungGen      total 274432K, used 22858K [0x00000000eab00000, 0x00000000ff600000, 0x0000000100000000)
  eden space 223232K, 0% used [0x00000000eab00000,0x00000000eab00000,0x00000000f8500000)
  from space 51200K, 44% used [0x00000000fc400000,0x00000000fda52be0,0x00000000ff600000)
  to   space 57856K, 0% used [0x00000000f8500000,0x00000000f8500000,0x00000000fbd80000)
 ParOldGen       total 223744K, used 64797K [0x00000000c0000000, 0x00000000cda80000, 0x00000000eab00000)
  object space 223744K, 28% used [0x00000000c0000000,0x00000000c3f477d0,0x00000000cda80000)
 Metaspace       used 67201K, capacity 69114K, committed 101288K, reserved 1134592K
  class space    used 8788K, capacity 9505K, committed 16296K, reserved 1048576K
}

